Determining if the pthread_create exist failed with the following output:
Change Dir: /home/nicolas/ws_servomotor/build/CMakeFiles/CMakeTmp

Run Build Command:"/usr/bin/make" "cmTC_6469b/fast"
/usr/bin/make -f CMakeFiles/cmTC_6469b.dir/build.make CMakeFiles/cmTC_6469b.dir/build
make[1] : on entre dans le répertoire « /home/nicolas/ws_servomotor/build/CMakeFiles/CMakeTmp »
Building C object CMakeFiles/cmTC_6469b.dir/CheckSymbolExists.c.o
/usr/bin/cc     -o CMakeFiles/cmTC_6469b.dir/CheckSymbolExists.c.o   -c /home/nicolas/ws_servomotor/build/CMakeFiles/CMakeTmp/CheckSymbolExists.c
Linking C executable cmTC_6469b
/usr/bin/cmake -E cmake_link_script CMakeFiles/cmTC_6469b.dir/link.txt --verbose=1
/usr/bin/cc       CMakeFiles/cmTC_6469b.dir/CheckSymbolExists.c.o  -o cmTC_6469b -rdynamic 
CMakeFiles/cmTC_6469b.dir/CheckSymbolExists.c.o : Dans la fonction « main » :
CheckSymbolExists.c:(.text+0x16) : référence indéfinie vers « pthread_create »
collect2: error: ld returned 1 exit status
CMakeFiles/cmTC_6469b.dir/build.make:97 : la recette pour la cible « cmTC_6469b » a échouée
make[1]: *** [cmTC_6469b] Erreur 1
make[1] : on quitte le répertoire « /home/nicolas/ws_servomotor/build/CMakeFiles/CMakeTmp »
Makefile:126 : la recette pour la cible « cmTC_6469b/fast » a échouée
make: *** [cmTC_6469b/fast] Erreur 2

File /home/nicolas/ws_servomotor/build/CMakeFiles/CMakeTmp/CheckSymbolExists.c:
/* */
#include <pthread.h>

int main(int argc, char** argv)
{
  (void)argv;
#ifndef pthread_create
  return ((int*)(&pthread_create))[argc];
#else
  (void)argc;
  return 0;
#endif
}

Determining if the function pthread_create exists in the pthreads failed with the following output:
Change Dir: /home/nicolas/ws_servomotor/build/CMakeFiles/CMakeTmp

Run Build Command:"/usr/bin/make" "cmTC_f4d0b/fast"
/usr/bin/make -f CMakeFiles/cmTC_f4d0b.dir/build.make CMakeFiles/cmTC_f4d0b.dir/build
make[1] : on entre dans le répertoire « /home/nicolas/ws_servomotor/build/CMakeFiles/CMakeTmp »
Building C object CMakeFiles/cmTC_f4d0b.dir/CheckFunctionExists.c.o
/usr/bin/cc    -DCHECK_FUNCTION_EXISTS=pthread_create   -o CMakeFiles/cmTC_f4d0b.dir/CheckFunctionExists.c.o   -c /usr/share/cmake-3.5/Modules/CheckFunctionExists.c
Linking C executable cmTC_f4d0b
/usr/bin/cmake -E cmake_link_script CMakeFiles/cmTC_f4d0b.dir/link.txt --verbose=1
/usr/bin/cc   -DCHECK_FUNCTION_EXISTS=pthread_create    CMakeFiles/cmTC_f4d0b.dir/CheckFunctionExists.c.o  -o cmTC_f4d0b -rdynamic -lpthreads 
/usr/bin/ld : ne peut trouver -lpthreads
collect2: error: ld returned 1 exit status
CMakeFiles/cmTC_f4d0b.dir/build.make:97 : la recette pour la cible « cmTC_f4d0b » a échouée
make[1]: *** [cmTC_f4d0b] Erreur 1
make[1] : on quitte le répertoire « /home/nicolas/ws_servomotor/build/CMakeFiles/CMakeTmp »
Makefile:126 : la recette pour la cible « cmTC_f4d0b/fast » a échouée
make: *** [cmTC_f4d0b/fast] Erreur 2


